<?xml version="1.0" encoding="UTF-8"?>
<!-- Generated by org.testng.reporters.JUnitXMLReporter -->
<testsuite hostname="DESKTOP-BBER3AS" ignored="4" tests="2" failures="0" timestamp="08 十二月 2019 04:28:39 GMT" time="40.427" errors="0">
  <testcase name="taskTemplateTest" time="0.208" classname="TaskTemplateTest"/>
  <testcase name="createTemplateBase" time="1.361" classname="TaskTemplateTest"/>
  <testcase name="selectDeleteTemplate" time="0.0" classname="TaskTemplateTest">
    <ignored/>
  </testcase> <!-- selectDeleteTemplate -->
  <testcase name="ceateTemplateOneExtend" time="0.0" classname="TaskTemplateTest">
    <ignored/>
  </testcase> <!-- ceateTemplateOneExtend -->
  <testcase name="noSelectUpdate" time="0.0" classname="TaskTemplateTest">
    <ignored/>
  </testcase> <!-- noSelectUpdate -->
  <testcase name="ceateTemplateManyExtend" time="0.0" classname="TaskTemplateTest">
    <ignored/>
  </testcase> <!-- ceateTemplateManyExtend -->
</testsuite>
